Android/Mahesh/Advanced/NewsFeedAssignment/app/build/intermediates/manifest_merge_blame_file/debug/manifest-merger-blame-debug-report.txt
1<?xml version="1.0" encoding="utf-8"?>
2<manifest xmlns:android="http://schemas.android.com/apk/res/android"
3    package="com.example.newsfeedassignment"
4    android:versionCode="1"
5    android:versionName="1.0" >
6
7    <uses-sdk
8        android:minSdkVersion="28"
8-->src\main\AndroidManifest.xml
9        android:targetSdkVersion="30" />
9-->src\main\AndroidManifest.xml
10
11    <uses-permission android:name="android.permission.INTERNET" />
11-->[com.koushikdutta.ion:ion:3.1.0] AndroidManifest.xml:11:5-67
11-->[com.koushikdutta.ion:ion:3.1.0] AndroidManifest.xml:11:22-64
12
13    <application
13-->src\main\AndroidManifest.xml:5:5-21:19
14        android:allowBackup="true"
14-->src\main\AndroidManifest.xml:7:9-35
15        android:appComponentFactory="androidx.core.app.CoreComponentFactory"
15-->[androidx.core:core:1.5.0] AndroidManifest.xml:24:18-86
16        android:debuggable="true"
17        android:extractNativeLibs="false"
18        android:icon="@mipmap/ic_launcher"
18-->src\main\AndroidManifest.xml:8:9-43
19        android:label="@string/app_name"
19-->src\main\AndroidManifest.xml:9:9-41
20        android:networkSecurityConfig="@xml/network_security_config"
20-->src\main\AndroidManifest.xml:6:9-69
21        android:roundIcon="@mipmap/ic_launcher_round"
21-->src\main\AndroidManifest.xml:10:9-54
22        android:supportsRtl="true"
22-->src\main\AndroidManifest.xml:11:9-35
23        android:testOnly="true"
24        android:theme="@style/Theme.MyApplication" >
24-->src\main\AndroidManifest.xml:12:9-51
25        <activity android:name="com.example.newsfeedassignment.DetailsActivity" />
25-->src\main\AndroidManifest.xml:13:9-53
25-->src\main\AndroidManifest.xml:13:19-50
26        <activity android:name="com.example.newsfeedassignment.MainActivity" >
26-->src\main\AndroidManifest.xml:14:9-20:20
26-->src\main\AndroidManifest.xml:14:19-47
27            <intent-filter>
27-->src\main\AndroidManifest.xml:15:13-19:29
28                <action android:name="android.intent.action.MAIN" />
28-->src\main\AndroidManifest.xml:16:17-69
28-->src\main\AndroidManifest.xml:16:25-66
29
30                <category android:name="android.intent.category.LAUNCHER" />
30-->src\main\AndroidManifest.xml:18:17-77
30-->src\main\AndroidManifest.xml:18:27-74
31            </intent-filter>
32        </activity>
33
34        <provider
34-->[com.squareup.picasso:picasso:2.71828] AndroidManifest.xml:8:9-11:40
35            android:name="com.squareup.picasso.PicassoProvider"
35-->[com.squareup.picasso:picasso:2.71828] AndroidManifest.xml:9:13-64
36            android:authorities="com.example.newsfeedassignment.com.squareup.picasso"
36-->[com.squareup.picasso:picasso:2.71828] AndroidManifest.xml:10:13-72
37            android:exported="false" />
37-->[com.squareup.picasso:picasso:2.71828] AndroidManifest.xml:11:13-37
38    </application>
39
40</manifest>